[1107/065645.933:ERROR:process_reader_win.cc(182)] ResumeThread: The parameter is incorrect. (0x57)
[1107/065645.949:ERROR:process_reader_win.cc(151)] SuspendThread: Access is denied. (0x5)
[1107/065645.949:ERROR:process_reader_win.cc(151)] SuspendThread: Access is denied. (0x5)
[1107/065645.949:ERROR:process_reader_win.cc(151)] SuspendThread: Access is denied. (0x5)
[1107/065645.949:ERROR:process_reader_win.cc(123)] NtOpenThread: An invalid Client ID was specified. (0xc000000b)
[1107/065645.949:ERROR:process_reader_win.cc(151)] SuspendThread: Access is denied. (0x5)
[1107/065645.949:ERROR:process_reader_win.cc(151)] SuspendThread: Access is denied. (0x5)
[1107/065645.949:ERROR:process_reader_win.cc(151)] SuspendThread: Access is denied. (0x5)
[1107/065645.949:ERROR:process_reader_win.cc(151)] SuspendThread: Access is denied. (0x5)
[1107/065645.949:ERROR:process_reader_win.cc(151)] SuspendThread: Access is denied. (0x5)
[1107/065645.949:ERROR:process_reader_win.cc(151)] SuspendThread: Access is denied. (0x5)
[1107/065645.949:ERROR:process_reader_win.cc(151)] SuspendThread: Access is denied. (0x5)
[1107/065645.949:ERROR:process_reader_win.cc(151)] SuspendThread: Access is denied. (0x5)
[1107/065645.949:ERROR:exception_snapshot_win.cc(98)] thread ID 9492 not found in process
[1111/212400.777:ERROR:process_reader_win.cc(151)] SuspendThread: Access is denied. (0x5)
[1111/212400.782:ERROR:process_reader_win.cc(151)] SuspendThread: Access is denied. (0x5)
[1111/212400.782:ERROR:process_reader_win.cc(151)] SuspendThread: Access is denied. (0x5)
[1111/212400.782:ERROR:process_reader_win.cc(151)] SuspendThread: Access is denied. (0x5)
[1111/212400.782:ERROR:process_reader_win.cc(151)] SuspendThread: Access is denied. (0x5)
[1111/212400.782:ERROR:process_reader_win.cc(151)] SuspendThread: Access is denied. (0x5)
[1111/212400.782:ERROR:process_reader_win.cc(151)] SuspendThread: Access is denied. (0x5)
[1111/212400.782:ERROR:exception_snapshot_win.cc(98)] thread ID 8128 not found in process
[1127/034721.254:ERROR:process_reader_win.cc(182)] ResumeThread: The parameter is incorrect. (0x57)
[1127/034721.268:ERROR:process_reader_win.cc(151)] SuspendThread: Access is denied. (0x5)
[1127/034721.268:ERROR:process_reader_win.cc(151)] SuspendThread: Access is denied. (0x5)
[1127/034721.268:ERROR:process_reader_win.cc(151)] SuspendThread: Access is denied. (0x5)
[1127/034721.268:ERROR:process_reader_win.cc(151)] SuspendThread: Access is denied. (0x5)
[1127/034721.268:ERROR:process_reader_win.cc(151)] SuspendThread: Access is denied. (0x5)
[1127/034721.268:ERROR:process_reader_win.cc(151)] SuspendThread: Access is denied. (0x5)
[1127/034721.268:ERROR:process_reader_win.cc(151)] SuspendThread: Access is denied. (0x5)
[1127/034721.269:ERROR:process_reader_win.cc(151)] SuspendThread: Access is denied. (0x5)
[1127/034721.269:ERROR:process_reader_win.cc(151)] SuspendThread: Access is denied. (0x5)
[1127/034721.269:ERROR:exception_snapshot_win.cc(98)] thread ID 9952 not found in process
[1127/034721.269:ERROR:scoped_process_suspend.cc(40)] NtResumeProcess: An attempt was made to access an exiting process. (0xc000010a)
[1127/041602.928:ERROR:process_info.cc(329)] VirtualQueryEx: Access is denied. (0x5)
[1127/041602.937:ERROR:process_info.cc(556)] ReadMemoryInfo failed
[1127/041602.937:ERROR:process_memory_win.cc(39)] Failed to initialize ProcessInfo.
[1127/041602.937:ERROR:scoped_process_suspend.cc(40)] NtResumeProcess: An attempt was made to access an exiting process. (0xc000010a)
