#
# There is insufficient memory for the Java Runtime Environment to continue.
# Native memory allocation (malloc) failed to allocate 32744 bytes for ChunkPool::allocate
# Possible reasons:
#   The system is out of physical RAM or swap space
#   The process is running with CompressedOops enabled, and the Java Heap may be blocking the growth of the native heap
# Possible solutions:
#   Reduce memory load on the system
#   Increase physical memory or swap space
#   Check if swap backing store is full
#   Decrease Java heap size (-Xmx/-Xms)
#   Decrease number of Java threads
#   Decrease Java thread stack sizes (-Xss)
#   Set larger code cache with -XX:ReservedCodeCacheSize=
#   JVM is running with Unscaled Compressed Oops mode in which the Java heap is
#     placed in the first 4GB address space. The Java Heap base address is the
#     maximum limit for the native heap growth. Please use -XX:HeapBaseMinAddress
#     to set the Java Heap base and to place the Java Heap above 4GB virtual address.
# This output file may be truncated or incomplete.
#
#  Out of Memory Error (allocation.cpp:272), pid=2220, tid=0x00000000000034fc
#
# JRE version: Java(TM) SE Runtime Environment (8.0_202-b08) (build 1.8.0_202-b08)
# Java VM: Java HotSpot(TM) 64-Bit Server VM (25.202-b08 mixed mode windows-amd64 compressed oops)
# Failed to write core dump. Minidumps are not enabled by default on client versions of Windows
#

---------------  T H R E A D  ---------------

Current thread (0x000000001a2dc800):  JavaThread "C2 CompilerThread1" daemon [_thread_in_native, id=13564, stack(0x000000001b1c0000,0x000000001b2c0000)]

Stack: [0x000000001b1c0000,0x000000001b2c0000]
[error occurred during error reporting (printing stack bounds), id 0xc0000005]

Native frames: (J=compiled Java code, j=interpreted, Vv=VM code, C=native code)


Current CompileTask:
C2:  82723 3274   !   4       java.io.PrintStream::write (66 bytes)


---------------  P R O C E S S  ---------------

Java Threads: ( => current thread )
  0x000000001a328800 JavaThread "Okio Watchdog" daemon [_thread_blocked, id=8508, stack(0x000000001f8d0000,0x000000001f9d0000)]
  0x000000001a32b800 JavaThread "OkHttp ConnectionPool" daemon [_thread_blocked, id=10048, stack(0x000000001f7d0000,0x000000001f8d0000)]
  0x000000001c68c000 JavaThread "Exec Stream Pumper" daemon [_thread_in_native, id=1964, stack(0x000000001edd0000,0x000000001eed0000)]
  0x000000001c626000 JavaThread "Exec Stream Pumper" daemon [_thread_in_native, id=8280, stack(0x000000001ecd0000,0x000000001edd0000)]
  0x000000001dded800 JavaThread "Exec Default Executor" daemon [_thread_in_native, id=2884, stack(0x000000001db90000,0x000000001dc90000)]
  0x000000001c469800 JavaThread "Forwarding clickElement on session 3297698dd22a1dd46b604088cb500315 to remote" [_thread_in_native, id=8644, stack(0x000000001d690000,0x000000001d790000)]
  0x000000001a372800 JavaThread "Service Thread" daemon [_thread_blocked, id=1856, stack(0x000000001b4c0000,0x000000001b5c0000)]
  0x000000001a329000 JavaThread "C1 CompilerThread3" daemon [_thread_blocked, id=4904, stack(0x000000001b3c0000,0x000000001b4c0000)]
  0x000000001a2f9000 JavaThread "C2 CompilerThread2" daemon [_thread_blocked, id=8676, stack(0x000000001b2c0000,0x000000001b3c0000)]
=>0x000000001a2dc800 JavaThread "C2 CompilerThread1" daemon [_thread_in_native, id=13564, stack(0x000000001b1c0000,0x000000001b2c0000)]
  0x000000001a2d7000 JavaThread "C2 CompilerThread0" daemon [_thread_blocked, id=10548, stack(0x000000001b0c0000,0x000000001b1c0000)]
  0x000000001a2d1800 JavaThread "JDWP Command Reader" daemon [_thread_in_native, id=11608, stack(0x000000001afc0000,0x000000001b0c0000)]
  0x000000001a2c3000 JavaThread "JDWP Event Helper Thread" daemon [_thread_blocked, id=7856, stack(0x000000001aec0000,0x000000001afc0000)]
  0x000000001a2b7000 JavaThread "JDWP Transport Listener: dt_socket" daemon [_thread_blocked, id=13872, stack(0x000000001adc0000,0x000000001aec0000)]
  0x000000001a2ac800 JavaThread "Attach Listener" daemon [_thread_blocked, id=4980, stack(0x000000001a980000,0x000000001aa80000)]
  0x000000001a2ab000 JavaThread "Signal Dispatcher" daemon [_thread_blocked, id=6440, stack(0x000000001a880000,0x000000001a980000)]
  0x000000001a2a0800 JavaThread "Finalizer" daemon [_thread_blocked, id=128, stack(0x000000001a680000,0x000000001a780000)]
  0x00000000033ca000 JavaThread "Reference Handler" daemon [_thread_blocked, id=5872, stack(0x000000001a180000,0x000000001a280000)]
  0x00000000032d4800 JavaThread "main" [_thread_blocked, id=3928, stack(0x00000000031d0000,0x00000000032d0000)]

Other Threads:
  0x0000000018389800 VMThread [stack: 0x000000001a080000,0x000000001a180000] [id=9276]
  0x000000001a38d800 WatcherThread [stack: 0x000000001b5c0000,0x000000001b6c0000] [id=7448]

VM state:not at safepoint (normal execution)

VM Mutex/Monitor currently owned by a thread: None

heap address: 0x0000000081400000, size: 2028 MB, Compressed Oops mode: 32-bit
Narrow klass base: 0x0000000000000000, Narrow klass shift: 3
Compressed class space size: 1073741824 Address: 0x0000000100000000

Heap:
 PSYoungGen      total 81408K, used 16438K [0x00000000d5c00000, 0x00000000dc900000, 0x0000000100000000)
  eden space 71168K, 15% used [0x00000000d5c00000,0x00000000d6676208,0x00000000da180000)
  from space 10240K, 55% used [0x00000000da180000,0x00000000da7177a8,0x00000000dab80000)
  to   space 9728K, 0% used [0x00000000dbf80000,0x00000000dbf80000,0x00000000dc900000)
 ParOldGen       total 59904K, used 6615K [0x0000000081400000, 0x0000000084e80000, 0x00000000d5c00000)
  object space 59904K, 11% used [0x0000000081400000,0x0000000081a75cb8,0x0000000084e80000)
 Metaspace       used 26421K, capacity 27258K, committed 27568K, reserved 1073152K
  class space    used 3171K, capacity 3395K, committed 3504K, reserved 1048576K

Card table byte_map: [0x0000000012790000,0x0000000012b90000] byte_map_base: 0x0000000012386000

Marking Bits: (ParMarkBitMap*) 0x0000000072d55ce0
 Begin Bits: [0x0000000013640000, 0x00000000155f0000)
 End Bits:   [0x00000000155f0000, 0x00000000175a0000)

Polling page: 0x0000000000ff0000

CodeCache: size=245760Kb used=9684Kb max_used=10346Kb free=236075Kb
 bounds [0x00000000033d0000, 0x0000000003e00000, 0x00000000123d0000]
 total_blobs=3533 nmethods=3068 adapters=385
 compilation: enabled

Compilation events (10 events):
Event: 50.848 Thread 0x000000001a2d7000 nmethod 3268 0x0000000003527e90 code [0x0000000003527fe0, 0x0000000003528248]
Event: 50.944 Thread 0x000000001a329000 3269  s    3       java.io.BufferedOutputStream::flush (12 bytes)
Event: 50.945 Thread 0x000000001a329000 nmethod 3269 0x000000000357a210 code [0x000000000357a3a0, 0x000000000357a898]
Event: 52.898 Thread 0x000000001a2f9000 3270       4       java.io.FileInputStream::read (9 bytes)
Event: 52.898 Thread 0x000000001a2f9000 nmethod 3270 0x0000000003529f10 code [0x000000000352a060, 0x000000000352a128]
Event: 55.986 Thread 0x000000001a329000 3272       3       java.io.FileOutputStream::write (12 bytes)
Event: 55.986 Thread 0x000000001a329000 nmethod 3272 0x00000000034e6d10 code [0x00000000034e6e80, 0x00000000034e7048]
Event: 82.704 Thread 0x000000001a329000 3273       3       org.openqa.selenium.io.MultiOutputStream::write (24 bytes)
Event: 82.704 Thread 0x000000001a2dc800 3274   !   4       java.io.PrintStream::write (66 bytes)
Event: 82.704 Thread 0x000000001a329000 nmethod 3273 0x00000000035389d0 code [0x0000000003538b40, 0x0000000003538e78]

GC Heap History (10 events):
Event: 1.637 GC heap before
{Heap before GC invocations=4 (full 1):
 PSYoungGen      total 38400K, used 5104K [0x00000000d5c00000, 0x00000000da700000, 0x0000000100000000)
  eden space 33280K, 0% used [0x00000000d5c00000,0x00000000d5c00000,0x00000000d7c80000)
  from space 5120K, 99% used [0x00000000d7c80000,0x00000000d817c040,0x00000000d8180000)
  to   space 5120K, 0% used [0x00000000da200000,0x00000000da200000,0x00000000da700000)
 ParOldGen       total 87552K, used 7381K [0x0000000081400000, 0x0000000086980000, 0x00000000d5c00000)
  object space 87552K, 8% used [0x0000000081400000,0x0000000081b357f0,0x0000000086980000)
 Metaspace       used 20973K, capacity 21172K, committed 21296K, reserved 1069056K
  class space    used 2482K, capacity 2569K, committed 2608K, reserved 1048576K
Event: 1.662 GC heap after
Heap after GC invocations=4 (full 1):
 PSYoungGen      total 38400K, used 0K [0x00000000d5c00000, 0x00000000da700000, 0x0000000100000000)
  eden space 33280K, 0% used [0x00000000d5c00000,0x00000000d5c00000,0x00000000d7c80000)
  from space 5120K, 0% used [0x00000000d7c80000,0x00000000d7c80000,0x00000000d8180000)
  to   space 5120K, 0% used [0x00000000da200000,0x00000000da200000,0x00000000da700000)
 ParOldGen       total 59904K, used 6583K [0x0000000081400000, 0x0000000084e80000, 0x00000000d5c00000)
  object space 59904K, 10% used [0x0000000081400000,0x0000000081a6dcb8,0x0000000084e80000)
 Metaspace       used 20973K, capacity 21172K, committed 21296K, reserved 1069056K
  class space    used 2482K, capacity 2569K, committed 2608K, reserved 1048576K
}
Event: 12.792 GC heap before
{Heap before GC invocations=5 (full 1):
 PSYoungGen      total 38400K, used 33280K [0x00000000d5c00000, 0x00000000da700000, 0x0000000100000000)
  eden space 33280K, 100% used [0x00000000d5c00000,0x00000000d7c80000,0x00000000d7c80000)
  from space 5120K, 0% used [0x00000000d7c80000,0x00000000d7c80000,0x00000000d8180000)
  to   space 5120K, 0% used [0x00000000da200000,0x00000000da200000,0x00000000da700000)
 ParOldGen       total 59904K, used 6583K [0x0000000081400000, 0x0000000084e80000, 0x00000000d5c00000)
  object space 59904K, 10% used [0x0000000081400000,0x0000000081a6dcb8,0x0000000084e80000)
 Metaspace       used 25227K, capacity 25978K, committed 26160K, reserved 1073152K
  class space    used 3108K, capacity 3309K, committed 3376K, reserved 1048576K
Event: 12.797 GC heap after
Heap after GC invocations=5 (full 1):
 PSYoungGen      total 54784K, used 4825K [0x00000000d5c00000, 0x00000000da700000, 0x0000000100000000)
  eden space 49664K, 0% used [0x00000000d5c00000,0x00000000d5c00000,0x00000000d8c80000)
  from space 5120K, 94% used [0x00000000da200000,0x00000000da6b6640,0x00000000da700000)
  to   space 5120K, 0% used [0x00000000d9d00000,0x00000000d9d00000,0x00000000da200000)
 ParOldGen       total 59904K, used 6591K [0x0000000081400000, 0x0000000084e80000, 0x00000000d5c00000)
  object space 59904K, 11% used [0x0000000081400000,0x0000000081a6fcb8,0x0000000084e80000)
 Metaspace       used 25227K, capacity 25978K, committed 26160K, reserved 1073152K
  class space    used 3108K, capacity 3309K, committed 3376K, reserved 1048576K
}
Event: 19.531 GC heap before
{Heap before GC invocations=6 (full 1):
 PSYoungGen      total 54784K, used 54159K [0x00000000d5c00000, 0x00000000da700000, 0x0000000100000000)
  eden space 49664K, 99% used [0x00000000d5c00000,0x00000000d8c2d728,0x00000000d8c80000)
  from space 5120K, 94% used [0x00000000da200000,0x00000000da6b6640,0x00000000da700000)
  to   space 5120K, 0% used [0x00000000d9d00000,0x00000000d9d00000,0x00000000da200000)
 ParOldGen       total 59904K, used 6591K [0x0000000081400000, 0x0000000084e80000, 0x00000000d5c00000)
  object space 59904K, 11% used [0x0000000081400000,0x0000000081a6fcb8,0x0000000084e80000)
 Metaspace       used 25773K, capacity 26518K, committed 26800K, reserved 1073152K
  class space    used 3157K, capacity 3385K, committed 3504K, reserved 1048576K
Event: 19.533 GC heap after
Heap after GC invocations=6 (full 1):
 PSYoungGen      total 71680K, used 3842K [0x00000000d5c00000, 0x00000000db600000, 0x0000000100000000)
  eden space 66560K, 0% used [0x00000000d5c00000,0x00000000d5c00000,0x00000000d9d00000)
  from space 5120K, 75% used [0x00000000d9d00000,0x00000000da0c0928,0x00000000da200000)
  to   space 10752K, 0% used [0x00000000dab80000,0x00000000dab80000,0x00000000db600000)
 ParOldGen       total 59904K, used 6599K [0x0000000081400000, 0x0000000084e80000, 0x00000000d5c00000)
  object space 59904K, 11% used [0x0000000081400000,0x0000000081a71cb8,0x0000000084e80000)
 Metaspace       used 25773K, capacity 26518K, committed 26800K, reserved 1073152K
  class space    used 3157K, capacity 3385K, committed 3504K, reserved 1048576K
}
Event: 31.983 GC heap before
{Heap before GC invocations=7 (full 1):
 PSYoungGen      total 71680K, used 70402K [0x00000000d5c00000, 0x00000000db600000, 0x0000000100000000)
  eden space 66560K, 100% used [0x00000000d5c00000,0x00000000d9d00000,0x00000000d9d00000)
  from space 5120K, 75% used [0x00000000d9d00000,0x00000000da0c0928,0x00000000da200000)
  to   space 10752K, 0% used [0x00000000dab80000,0x00000000dab80000,0x00000000db600000)
 ParOldGen       total 59904K, used 6599K [0x0000000081400000, 0x0000000084e80000, 0x00000000d5c00000)
  object space 59904K, 11% used [0x0000000081400000,0x0000000081a71cb8,0x0000000084e80000)
 Metaspace       used 26286K, capacity 27118K, committed 27312K, reserved 1073152K
  class space    used 3171K, capacity 3395K, committed 3504K, reserved 1048576K
Event: 31.989 GC heap after
Heap after GC invocations=7 (full 1):
 PSYoungGen      total 81920K, used 4964K [0x00000000d5c00000, 0x00000000dc800000, 0x0000000100000000)
  eden space 71168K, 0% used [0x00000000d5c00000,0x00000000d5c00000,0x00000000da180000)
  from space 10752K, 46% used [0x00000000dab80000,0x00000000db059308,0x00000000db600000)
  to   space 10240K, 0% used [0x00000000da180000,0x00000000da180000,0x00000000dab80000)
 ParOldGen       total 59904K, used 6607K [0x0000000081400000, 0x0000000084e80000, 0x00000000d5c00000)
  object space 59904K, 11% used [0x0000000081400000,0x0000000081a73cb8,0x0000000084e80000)
 Metaspace       used 26286K, capacity 27118K, committed 27312K, reserved 1073152K
  class space    used 3171K, capacity 3395K, committed 3504K, reserved 1048576K
}
Event: 40.631 GC heap before
{Heap before GC invocations=8 (full 1):
 PSYoungGen      total 81920K, used 76132K [0x00000000d5c00000, 0x00000000dc800000, 0x0000000100000000)
  eden space 71168K, 100% used [0x00000000d5c00000,0x00000000da180000,0x00000000da180000)
  from space 10752K, 46% used [0x00000000dab80000,0x00000000db059308,0x00000000db600000)
  to   space 10240K, 0% used [0x00000000da180000,0x00000000da180000,0x00000000dab80000)
 ParOldGen       total 59904K, used 6607K [0x0000000081400000, 0x0000000084e80000, 0x00000000d5c00000)
  object space 59904K, 11% used [0x0000000081400000,0x0000000081a73cb8,0x0000000084e80000)
 Metaspace       used 26407K, capacity 27194K, committed 27312K, reserved 1073152K
  class space    used 3171K, capacity 3395K, committed 3504K, reserved 1048576K
Event: 40.634 GC heap after
Heap after GC invocations=8 (full 1):
 PSYoungGen      total 81408K, used 5725K [0x00000000d5c00000, 0x00000000dc900000, 0x0000000100000000)
  eden space 71168K, 0% used [0x00000000d5c00000,0x00000000d5c00000,0x00000000da180000)
  from space 10240K, 55% used [0x00000000da180000,0x00000000da7177a8,0x00000000dab80000)
  to   space 9728K, 0% used [0x00000000dbf80000,0x00000000dbf80000,0x00000000dc900000)
 ParOldGen       total 59904K, used 6615K [0x0000000081400000, 0x0000000084e80000, 0x00000000d5c00000)
  object space 59904K, 11% used [0x0000000081400000,0x0000000081a75cb8,0x0000000084e80000)
 Metaspace       used 26407K, capacity 27194K, committed 27312K, reserved 1073152K
  class space    used 3171K, capacity 3395K, committed 3504K, reserved 1048576K
}

Deoptimization events (10 events):
Event: 19.666 Thread 0x000000001c469800 Uncommon trap: reason=unhandled action=none pc=0x0000000003b85d6c method=com.sun.org.apache.xerces.internal.impl.XMLEntityScanner.load(IZZ)Z @ 171
Event: 19.669 Thread 0x000000001c469800 Uncommon trap: reason=unhandled action=none pc=0x0000000003b85d6c method=com.sun.org.apache.xerces.internal.impl.XMLEntityScanner.load(IZZ)Z @ 171
Event: 19.670 Thread 0x000000001c469800 Uncommon trap: reason=unhandled action=none pc=0x0000000003b85d6c method=com.sun.org.apache.xerces.internal.impl.XMLEntityScanner.load(IZZ)Z @ 171
Event: 19.672 Thread 0x000000001c469800 Uncommon trap: reason=unhandled action=none pc=0x0000000003b85d6c method=com.sun.org.apache.xerces.internal.impl.XMLEntityScanner.load(IZZ)Z @ 171
Event: 19.676 Thread 0x000000001c469800 Uncommon trap: reason=unhandled action=none pc=0x0000000003b85d6c method=com.sun.org.apache.xerces.internal.impl.XMLEntityScanner.load(IZZ)Z @ 171
Event: 19.678 Thread 0x000000001c469800 Uncommon trap: reason=unhandled action=none pc=0x0000000003b85d6c method=com.sun.org.apache.xerces.internal.impl.XMLEntityScanner.load(IZZ)Z @ 171
Event: 19.681 Thread 0x000000001c469800 Uncommon trap: reason=unhandled action=none pc=0x0000000003b85d6c method=com.sun.org.apache.xerces.internal.impl.XMLEntityScanner.load(IZZ)Z @ 171
Event: 19.683 Thread 0x000000001c469800 Uncommon trap: reason=unhandled action=none pc=0x0000000003b85d6c method=com.sun.org.apache.xerces.internal.impl.XMLEntityScanner.load(IZZ)Z @ 171
Event: 19.685 Thread 0x000000001c469800 Uncommon trap: reason=unhandled action=none pc=0x0000000003b85d6c method=com.sun.org.apache.xerces.internal.impl.XMLEntityScanner.load(IZZ)Z @ 171
Event: 82.602 Thread 0x000000001c68c000 Uncommon trap: reason=unstable_if action=reinterpret pc=0x00000000036815b8 method=org.openqa.selenium.io.CircularOutputStream.write(I)V @ 9

Classes redefined (0 events):
No events

Internal exceptions (10 events):
Event: 40.637 Thread 0x000000001c469800 Exception <a 'java/net/SocketTimeoutException': Read timed out> (0x00000000d5cf77f0) thrown at [C:\re\workspace\8-2-build-windows-amd64-cygwin\jdk8u202\12323\hotspot\src\share\vm\prims\jni.cpp, line 736]
Event: 40.653 Thread 0x000000001c469800 Exception <a 'java/net/SocketTimeoutException': Read timed out> (0x00000000d5d14b70) thrown at [C:\re\workspace\8-2-build-windows-amd64-cygwin\jdk8u202\12323\hotspot\src\share\vm\prims\jni.cpp, line 736]
Event: 40.665 Thread 0x000000001c469800 Exception <a 'java/net/SocketTimeoutException': Read timed out> (0x00000000d61846d0) thrown at [C:\re\workspace\8-2-build-windows-amd64-cygwin\jdk8u202\12323\hotspot\src\share\vm\prims\jni.cpp, line 736]
Event: 40.684 Thread 0x000000001c469800 Exception <a 'java/net/SocketTimeoutException': Read timed out> (0x00000000d61a1968) thrown at [C:\re\workspace\8-2-build-windows-amd64-cygwin\jdk8u202\12323\hotspot\src\share\vm\prims\jni.cpp, line 736]
Event: 40.696 Thread 0x000000001c469800 Exception <a 'java/net/SocketTimeoutException': Read timed out> (0x00000000d65d89d0) thrown at [C:\re\workspace\8-2-build-windows-amd64-cygwin\jdk8u202\12323\hotspot\src\share\vm\prims\jni.cpp, line 736]
Event: 40.713 Thread 0x000000001c469800 Exception <a 'java/net/SocketTimeoutException': Read timed out> (0x00000000d65f5aa8) thrown at [C:\re\workspace\8-2-build-windows-amd64-cygwin\jdk8u202\12323\hotspot\src\share\vm\prims\jni.cpp, line 736]
Event: 40.725 Thread 0x000000001c469800 Exception <a 'java/net/SocketTimeoutException': Read timed out> (0x00000000d660b378) thrown at [C:\re\workspace\8-2-build-windows-amd64-cygwin\jdk8u202\12323\hotspot\src\share\vm\prims\jni.cpp, line 736]
Event: 40.733 Thread 0x000000001c469800 Exception <a 'java/net/SocketTimeoutException': Read timed out> (0x00000000d6629e08) thrown at [C:\re\workspace\8-2-build-windows-amd64-cygwin\jdk8u202\12323\hotspot\src\share\vm\prims\jni.cpp, line 736]
Event: 42.743 Thread 0x000000001c469800 Exception <a 'java/net/SocketTimeoutException': Read timed out> (0x00000000d663be08) thrown at [C:\re\workspace\8-2-build-windows-amd64-cygwin\jdk8u202\12323\hotspot\src\share\vm\prims\jni.cpp, line 736]
Event: 42.766 Thread 0x000000001c469800 Exception <a 'java/net/SocketTimeoutException': Read timed out> (0x00000000d66541b8) thrown at [C:\re\workspace\8-2-build-windows-amd64-cygwin\jdk8u202\12323\hotspot\src\share\vm\prims\jni.cpp, line 736]

Events (10 events):
Event: 52.898 Thread 0x000000001a2f9000 flushing nmethod 0x00000000038f7b90
Event: 52.898 Thread 0x000000001a2f9000 flushing nmethod 0x00000000038fec50
Event: 52.898 Thread 0x000000001a2f9000 flushing nmethod 0x0000000003900310
Event: 52.899 Thread 0x000000001a2f9000 flushing nmethod 0x000000000390c910
Event: 55.986 Thread 0x000000001a329000 flushing nmethod 0x000000000394dfd0
Event: 55.987 Thread 0x000000001a329000 flushing nmethod 0x00000000039586d0
Event: 62.518 Thread 0x000000001c68f000 Thread exited: 0x000000001c68f000
Event: 82.602 Thread 0x000000001c68c000 Uncommon trap: trap_request=0xffffff65 fr.pc=0x00000000036815b8
Event: 82.602 Thread 0x000000001c68c000 DEOPT PACKING pc=0x00000000036815b8 sp=0x000000001eecefd0
Event: 82.602 Thread 0x000000001c68c000 DEOPT UNPACKING pc=0x000000000341583b sp=0x000000001eecef50 mode 2


Dynamic libraries:
0x00007ff7eed40000 - 0x00007ff7eed77000 	C:\Program Files\Java\jre1.8.0_202\bin\javaw.exe
0x00007ffe42fe0000 - 0x00007ffe431d0000 	C:\WINDOWS\SYSTEM32\ntdll.dll
0x00007ffe41a20000 - 0x00007ffe41ad2000 	C:\WINDOWS\System32\KERNEL32.DLL
0x00007ffe40140000 - 0x00007ffe403e3000 	C:\WINDOWS\System32\KERNELBASE.dll
0x00007ffe41ae0000 - 0x00007ffe41b83000 	C:\WINDOWS\System32\ADVAPI32.dll
0x00007ffe41730000 - 0x00007ffe417ce000 	C:\WINDOWS\System32\msvcrt.dll
0x00007ffe417d0000 - 0x00007ffe41867000 	C:\WINDOWS\System32\sechost.dll
0x00007ffe420e0000 - 0x00007ffe42200000 	C:\WINDOWS\System32\RPCRT4.dll
0x00007ffe41090000 - 0x00007ffe41224000 	C:\WINDOWS\System32\USER32.dll
0x00007ffe40110000 - 0x00007ffe40131000 	C:\WINDOWS\System32\win32u.dll
0x00007ffe41d60000 - 0x00007ffe41d86000 	C:\WINDOWS\System32\GDI32.dll
0x00007ffe3ff70000 - 0x00007ffe40104000 	C:\WINDOWS\System32\gdi32full.dll
0x00007ffe406f0000 - 0x00007ffe4078e000 	C:\WINDOWS\System32\msvcp_win.dll
0x00007ffe403f0000 - 0x00007ffe404ea000 	C:\WINDOWS\System32\ucrtbase.dll
0x00007ffe2f080000 - 0x00007ffe2f305000 	C:\WINDOWS\WinSxS\amd64_microsoft.windows.common-controls_6595b64144ccf1df_6.0.18362.778_none_e6c6b761130d4fb8\COMCTL32.dll
0x00007ffe41d90000 - 0x00007ffe420c6000 	C:\WINDOWS\System32\combase.dll
0x00007ffe40790000 - 0x00007ffe40810000 	C:\WINDOWS\System32\bcryptPrimitives.dll
0x00007ffe41520000 - 0x00007ffe4154e000 	C:\WINDOWS\System32\IMM32.DLL
0x00000000721c0000 - 0x0000000072292000 	C:\Program Files\Java\jre1.8.0_202\bin\msvcr100.dll
0x0000000072530000 - 0x0000000072dd5000 	C:\Program Files\Java\jre1.8.0_202\bin\server\jvm.dll
0x00007ffe42aa0000 - 0x00007ffe42aa8000 	C:\WINDOWS\System32\PSAPI.DLL
0x00007ffe35740000 - 0x00007ffe35749000 	C:\WINDOWS\SYSTEM32\WSOCK32.dll
0x00007ffe41870000 - 0x00007ffe418df000 	C:\WINDOWS\System32\WS2_32.dll
0x00007ffe3a690000 - 0x00007ffe3a69a000 	C:\WINDOWS\SYSTEM32\VERSION.dll
0x00007ffe3db20000 - 0x00007ffe3db44000 	C:\WINDOWS\SYSTEM32\WINMM.dll
0x00007ffe3daf0000 - 0x00007ffe3db1d000 	C:\WINDOWS\SYSTEM32\WINMMBASE.dll
0x00007ffe41010000 - 0x00007ffe4105a000 	C:\WINDOWS\System32\cfgmgr32.dll
0x00007ffe3c3a0000 - 0x00007ffe3c3af000 	C:\Program Files\Java\jre1.8.0_202\bin\verify.dll
0x00007ffe37f40000 - 0x00007ffe37f69000 	C:\Program Files\Java\jre1.8.0_202\bin\java.dll
0x00007ffe3a1c0000 - 0x00007ffe3a1f5000 	C:\Program Files\Java\jre1.8.0_202\bin\jdwp.dll
0x00007ffe3c2b0000 - 0x00007ffe3c2b8000 	C:\Program Files\Java\jre1.8.0_202\bin\npt.dll
0x00007ffe38940000 - 0x00007ffe38956000 	C:\Program Files\Java\jre1.8.0_202\bin\zip.dll
0x00007ffe42200000 - 0x00007ffe428e5000 	C:\WINDOWS\System32\SHELL32.dll
0x00007ffe41cb0000 - 0x00007ffe41d59000 	C:\WINDOWS\System32\shcore.dll
0x00007ffe40870000 - 0x00007ffe40ff0000 	C:\WINDOWS\System32\windows.storage.dll
0x00007ffe3feb0000 - 0x00007ffe3fed3000 	C:\WINDOWS\System32\profapi.dll
0x00007ffe3ff00000 - 0x00007ffe3ff4a000 	C:\WINDOWS\System32\powrprof.dll
0x00007ffe3fea0000 - 0x00007ffe3feb0000 	C:\WINDOWS\System32\UMPDC.dll
0x00007ffe41bf0000 - 0x00007ffe41c42000 	C:\WINDOWS\System32\shlwapi.dll
0x00007ffe3ff50000 - 0x00007ffe3ff61000 	C:\WINDOWS\System32\kernel.appcore.dll
0x00007ffe40ff0000 - 0x00007ffe41007000 	C:\WINDOWS\System32\cryptsp.dll
0x00007ffe3a6b0000 - 0x00007ffe3a6b9000 	C:\Program Files\Java\jre1.8.0_202\bin\dt_socket.dll
0x00007ffe35830000 - 0x00007ffe35846000 	C:\WINDOWS\system32\napinsp.dll
0x00007ffe35810000 - 0x00007ffe3582a000 	C:\WINDOWS\system32\pnrpnsp.dll
0x00007ffe3f6b0000 - 0x00007ffe3f717000 	C:\WINDOWS\System32\mswsock.dll
0x00007ffe3f400000 - 0x00007ffe3f4ca000 	C:\WINDOWS\SYSTEM32\DNSAPI.dll
0x00007ffe420d0000 - 0x00007ffe420d8000 	C:\WINDOWS\System32\NSI.dll
0x00007ffe3f3c0000 - 0x00007ffe3f3fa000 	C:\WINDOWS\SYSTEM32\IPHLPAPI.DLL
0x00007ffe39990000 - 0x00007ffe3999e000 	C:\WINDOWS\System32\winrnr.dll
0x00007ffe3c0a0000 - 0x00007ffe3c0bc000 	C:\WINDOWS\system32\NLAapi.dll
0x00007ffe3ac60000 - 0x00007ffe3ac75000 	C:\WINDOWS\system32\wshbth.dll
0x00007ffe360c0000 - 0x00007ffe36137000 	C:\WINDOWS\System32\fwpuclnt.dll
0x00007ffe41060000 - 0x00007ffe41086000 	C:\WINDOWS\System32\bcrypt.dll
0x00007ffe2edc0000 - 0x00007ffe2edca000 	C:\Windows\System32\rasadhlp.dll
0x00007ffe37cf0000 - 0x00007ffe37d0a000 	C:\Program Files\Java\jre1.8.0_202\bin\net.dll
0x00007ffe30930000 - 0x00007ffe30b05000 	C:\WINDOWS\SYSTEM32\urlmon.dll
0x00007ffe30c60000 - 0x00007ffe30f06000 	C:\WINDOWS\SYSTEM32\iertutil.dll
0x00007ffe3f880000 - 0x00007ffe3f88c000 	C:\WINDOWS\SYSTEM32\CRYPTBASE.DLL
0x00007ffe37cd0000 - 0x00007ffe37ce2000 	C:\Program Files\Java\jre1.8.0_202\bin\nio.dll
0x00007ffe3f220000 - 0x00007ffe3f253000 	C:\WINDOWS\system32\rsaenh.dll
0x00007ffe3fdc0000 - 0x00007ffe3fde5000 	C:\WINDOWS\SYSTEM32\USERENV.dll
0x00007ffe37210000 - 0x00007ffe37226000 	C:\WINDOWS\SYSTEM32\dhcpcsvc6.DLL
0x00007ffe371c0000 - 0x00007ffe371dc000 	C:\WINDOWS\SYSTEM32\dhcpcsvc.DLL
0x00007ffe19a90000 - 0x00007ffe19ab4000 	C:\Program Files\Java\jre1.8.0_202\bin\sunec.dll
0x00007ffe35940000 - 0x00007ffe3594b000 	C:\Program Files\Java\jre1.8.0_202\bin\sunmscapi.dll
0x00007ffe405a0000 - 0x00007ffe406e9000 	C:\WINDOWS\System32\CRYPT32.dll
0x00007ffe3fee0000 - 0x00007ffe3fef2000 	C:\WINDOWS\System32\MSASN1.dll

VM Arguments:
jvm_args: -agentlib:jdwp=transport=dt_socket,suspend=y,address=localhost:52805 -Dfile.encoding=Cp1252 
java_command: TestNGXML.RunTestNG
java_class_path (initial): C:\Users\Chandu Reddy\workspace\TestNG\bin;C:\Users\Chandu Reddy\workspace\TestNG\ExternalJars\common-compress-1.18\commons-compress-1.18.jar;C:\Users\Chandu Reddy\workspace\TestNG\ExternalJars\common-compress-1.18\commons-compress-1.18-javadoc.jar;C:\Users\Chandu Reddy\workspace\TestNG\ExternalJars\common-compress-1.18\commons-compress-1.18-sources.jar;C:\Users\Chandu Reddy\workspace\TestNG\ExternalJars\common-compress-1.18\commons-compress-1.18-tests.jar;C:\Users\Chandu Reddy\workspace\TestNG\ExternalJars\common-compress-1.18\commons-compress-1.18-test-sources.jar;C:\Users\Chandu Reddy\workspace\TestNG\ExternalJars\Jar_files\bson-3.0.4.jar;C:\Users\Chandu Reddy\workspace\TestNG\ExternalJars\Jar_files\extentreports-2.41.2.jar;C:\Users\Chandu Reddy\workspace\TestNG\ExternalJars\Jar_files\freemarker-2.3.23.jar;C:\Users\Chandu Reddy\workspace\TestNG\ExternalJars\Jar_files\jsoup-1.8.3.jar;C:\Users\Chandu Reddy\workspace\TestNG\ExternalJars\Jar_files\mongodb-driver-3.0.4.jar;C:\Users\Chandu Reddy\workspace\TestNG\ExternalJars\Jar_files\mongodb-driver-core-3.0.4.jar;C:\Users\Chandu Reddy\workspace\TestNG\ExternalJars\Jar_files\sqlite-jdbc-3.8.11.1.jar;C:\Users\Chandu Reddy\workspace\TestNG\ExternalJars\poi-4.1.1\lib\activation-1.1.1.jar;C:\Users\Chandu Reddy\workspace\TestNG\ExternalJars\poi-4.1.1\lib\commons-codec-1.13.jar;C:\Users\Chandu Reddy\workspace\TestNG\ExternalJars\poi-4.1.1\lib\commons-collections4-4.4.jar;C:\Users\Chandu Reddy\workspace\TestNG\ExternalJars\poi-4.1.1\lib\commons-compress-1.19.jar;C:\Users\Chandu Reddy\workspace\TestNG\ExternalJars\poi-4.1.1\lib\commons-logging-1.2.jar;C:\Users\Chandu Reddy\workspace\TestNG\ExternalJars\poi-4.1.1\lib\commons-math3-3.6.1.jar;C:\Users\Chandu Reddy\workspace\TestNG\ExternalJars\poi-4.1.1\lib\jaxb-api-2.3.1.jar;C:\Users\Chandu Reddy\workspace\TestNG\ExternalJars\poi-4.1.1\lib\jaxb-core-2.3.0.1.jar;C:\Users\Chandu Reddy\workspace\TestNG\ExternalJars\poi-4.1.1\lib\jaxb-impl-2.3.2.jar;C:\U
Launcher Type: SUN_STANDARD

Environment Variables:
JAVA_HOME=C:\Program Files\Java\jdk1.8.0_202
PATH=C:/Program Files/Java/jre1.8.0_202/bin/server;C:/Program Files/Java/jre1.8.0_202/bin;C:/Program Files/Java/jre1.8.0_202/lib/amd64;C:\Program Files (x86)\Common Files\Oracle\Java\javapath;C:\Program Files (x86)\Intel\iCLS Client\;C:\Program Files\Intel\iCLS Client\;%SystemRoot%\system32;%SystemRoot%;%SystemRoot%\System32\Wbem;%SYSTEMROOT%\System32\WindowsPowerShell\v1.0\;C:\Program Files (x86)\Intel\Intel(R) Management Engine Components\DAL;C:\Program Files\Intel\Intel(R) Management Engine Components\DAL;C:\Program Files (x86)\Intel\Intel(R) Management Engine Components\IPT;C:\Program Files\Intel\Intel(R) Management Engine Components\IPT;%SYSTEMROOT%\System32\OpenSSH\;C:\Program Files\Java\jdk1.8.0_202\bin;C:\Program Files\Intel\WiFi\bin\;C:\Program Files\Common Files\Intel\WirelessCommon\;C:\Android;C:\Windows\System32;C:\Users\Chandu Reddy\AppData\Local\Microsoft\WindowsApps;;C:\Users\Chandu Reddy\Selenium Softwares\eclipse;
USERNAME=Chandu Reddy
OS=Windows_NT
PROCESSOR_IDENTIFIER=Intel64 Family 6 Model 142 Stepping 10, GenuineIntel



---------------  S Y S T E M  ---------------

OS: Windows 10.0 , 64 bit Build 18362 (10.0.18362.778)

CPU:total 8 (initial active 8) (4 cores per cpu, 2 threads per core) family 6 model 142 stepping 10, cmov, cx8, fxsr, mmx, sse, sse2, sse3, ssse3, sse4.1, sse4.2, popcnt, avx, avx2, aes, clmul, erms, 3dnowpref, lzcnt, ht, tsc, tscinvbit, bmi1, bmi2, adx

Memory: 4k page, physical 8303524k(242896k free), swap 33469348k(0k free)

vm_info: Java HotSpot(TM) 64-Bit Server VM (25.202-b08) for windows-amd64 JRE (1.8.0_202-b08), built on Dec 15 2018 19:54:30 by "java_re" with MS VC++ 10.0 (VS2010)

time: Fri May 22 15:12:11 2020
timezone: India Standard Time
elapsed time: 82 seconds (0d 0h 1m 22s)

