JvmtiExport can_access_local_variables 1
JvmtiExport can_hotswap_or_post_breakpoint 1
JvmtiExport can_post_on_exceptions 1
# 126 ciObject found
ciMethod java/lang/Thread currentThread ()Ljava/lang/Thread; 2049 1 256 0 -1
ciMethod java/lang/Thread interrupt ()V 0 0 1 0 0
ciMethod java/lang/Thread checkAccess ()V 2049 1 342 0 -1
ciMethod java/lang/Thread interrupt0 ()V 0 0 1 0 -1
ciMethod java/io/OutputStream write (I)V 0 0 1 0 -1
ciMethod java/io/OutputStream write ([BII)V 2089 7625 5382 0 -1
ciMethod java/io/OutputStream flush ()V 2049 1 714 0 -1
ciMethod java/io/PrintStream ensureOpen ()V 2433 1 5723 0 0
ciMethod java/io/PrintStream write (I)V 3369 1 5542 0 -1
ciMethod java/io/BufferedOutputStream flushBuffer ()V 337 1 567 0 0
ciMethod java/io/BufferedOutputStream write (I)V 3369 1 5542 0 0
ciMethod java/io/BufferedOutputStream flush ()V 2049 1 564 0 0
ciMethod sun/nio/ch/Interruptible interrupt (Ljava/lang/Thread;)V 0 0 1 0 -1
ciMethodData java/io/PrintStream ensureOpen ()V 2 5723 orig 264 104 147 177 114 0 0 0 0 72 36 172 23 0 0 0 0 80 1 0 0 0 0 0 0 0 0 0 0 0 0 0 0 0 0 0 0 0 0 0 0 0 0 0 0 0 0 0 0 0 0 0 0 0 0 0 0 0 0 0 0 0 0 0 0 0 0 0 0 0 0 0 0 0 0 0 0 0 0 0 0 77 68 79 32 101 120 116 114 97 32 100 97 116 97 32 108 111 99 107 0 0 0 0 0 0 0 0 0 0 0 0 0 0 0 0 0 0 0 0 0 0 0 0 0 0 0 0 0 0 0 0 0 0 0 0 0 0 0 0 0 0 0 0 0 0 0 0 0 0 0 0 0 0 0 0 0 0 0 0 0 0 0 0 0 0 0 0 0 0 0 0 0 0 0 0 0 0 0 0 0 0 0 0 0 0 0 0 0 0 0 0 0 0 0 0 0 0 0 0 0 0 0 0 0 0 0 0 0 0 0 0 0 0 0 0 0 48 1 0 0 89 169 0 0 1 0 0 0 0 0 0 0 0 0 0 0 2 0 0 0 0 0 5 0 2 0 0 0 48 0 0 0 255 255 255 255 7 0 4 0 0 0 0 0 data 6 0x40007 0x152b 0x30 0x0 0xd0002 0x0 oops 0
ciMethodData java/io/PrintStream write (I)V 2 5542 orig 264 104 147 177 114 0 0 0 0 184 40 172 23 0 0 0 0 136 2 0 0 200 0 0 0 0 0 0 0 0 0 0 0 0 0 0 0 0 0 0 0 0 0 0 0 0 0 0 0 0 0 0 0 0 0 0 0 0 0 0 0 0 0 0 0 0 0 0 0 0 0 0 0 0 0 0 0 0 0 0 0 77 68 79 32 101 120 116 114 97 32 100 97 116 97 32 108 111 99 107 0 0 0 0 0 0 0 0 0 0 0 0 0 0 0 0 0 0 0 0 0 0 0 0 0 0 0 0 0 0 0 0 0 0 0 0 0 0 0 0 0 0 0 0 0 0 0 0 0 0 0 0 0 0 0 0 0 0 0 0 0 0 0 0 0 0 0 0 0 0 0 0 0 0 0 0 0 0 0 0 0 0 0 0 0 0 0 0 0 0 0 0 0 0 0 0 0 0 0 0 0 0 0 0 0 0 0 0 0 0 0 0 0 0 0 0 0 165 1 0 0 9 160 0 0 1 0 0 0 0 0 0 0 0 0 0 0 2 0 0 0 0 0 19 0 2 0 0 0 56 1 0 0 255 255 255 255 2 0 5 0 0 0 0 0 data 39 0x50002 0x1401 0xd0005 0x0 0x1ddf1c50 0x1401 0x0 0x0 0x130007 0x13bd 0x70 0x44 0x1a0007 0x0 0x50 0x44 0x210005 0x0 0x1ddf1c50 0x44 0x0 0x0 0x260003 0x1401 0x18 0x2e0003 0x1401 0x70 0x320002 0x0 0x350005 0x0 0x0 0x0 0x0 0x0 0x380003 0x0 0x18 oops 2 4 java/io/BufferedOutputStream 18 java/io/BufferedOutputStream
ciMethodData java/io/BufferedOutputStream write (I)V 2 5542 orig 264 104 147 177 114 0 0 0 0 192 86 172 23 0 0 0 0 88 1 0 0 0 0 0 0 0 0 0 0 0 0 0 0 0 0 0 0 0 0 0 0 0 0 0 0 0 0 0 0 0 0 0 0 0 0 0 0 0 0 0 0 0 0 0 0 0 0 0 0 0 0 0 0 0 0 0 0 0 0 0 0 77 68 79 32 101 120 116 114 97 32 100 97 116 97 32 108 111 99 107 0 0 0 0 0 0 0 0 0 0 0 0 0 0 0 0 0 0 0 0 0 0 0 0 0 0 0 0 0 0 0 0 0 0 0 0 0 0 0 0 0 0 0 0 0 0 0 0 0 0 0 0 0 0 0 0 0 0 0 0 0 0 0 0 0 0 0 0 0 0 0 0 0 0 0 0 0 0 0 0 0 0 0 0 0 0 0 0 0 0 0 0 0 0 0 0 0 0 0 0 0 0 0 0 0 0 0 0 0 0 0 0 0 0 0 0 0 165 1 0 0 9 160 0 0 1 0 0 0 0 0 0 0 0 0 0 0 2 0 0 0 0 0 9 0 2 0 0 0 48 0 0 0 255 255 255 255 7 0 9 0 0 0 0 0 data 6 0x90007 0x1401 0x30 0x0 0xd0002 0x0 oops 0
ciMethodData java/io/BufferedOutputStream flushBuffer ()V 1 567 orig 264 104 147 177 114 0 0 0 0 16 86 172 23 0 0 0 0 152 1 0 0 0 0 0 0 0 0 0 0 0 0 0 0 0 0 0 0 0 0 0 0 0 0 0 0 0 0 0 0 0 0 0 0 0 0 0 0 0 0 0 0 0 0 0 0 0 0 0 0 0 0 0 0 0 0 0 0 0 0 0 0 77 68 79 32 101 120 116 114 97 32 100 97 116 97 32 108 111 99 107 0 0 0 0 0 0 0 0 0 0 0 0 0 0 0 0 0 0 0 0 0 0 0 0 0 0 0 0 0 0 0 0 0 0 0 0 0 0 0 0 0 0 0 0 0 0 0 0 0 0 0 0 0 0 0 0 0 0 0 0 0 0 0 0 0 0 0 0 0 0 0 0 0 0 0 0 0 0 0 0 0 0 0 0 0 0 0 0 0 0 0 0 0 0 0 0 0 0 0 0 0 0 0 0 0 0 0 0 0 0 0 0 0 0 0 0 0 42 0 0 0 105 16 0 0 1 0 0 0 0 0 0 0 0 0 0 0 2 0 0 0 0 0 0 0 0 0 0 0 80 0 0 0 255 255 255 255 7 0 4 0 0 0 0 0 data 10 0x40007 0x23 0x50 0x1ea 0x140005 0x0 0x1a4644a0 0x1ea 0x0 0x0 oops 1 6 java/io/FileOutputStream
ciMethodData java/io/BufferedOutputStream flush ()V 1 564 orig 264 104 147 177 114 0 0 0 0 40 88 172 23 0 0 0 0 136 1 0 0 0 0 0 0 0 0 0 0 0 0 0 0 0 0 0 0 0 0 0 0 0 0 0 0 0 0 0 0 0 0 0 0 0 0 0 0 0 0 0 0 0 0 0 0 0 0 0 0 0 0 0 0 0 0 0 0 0 0 0 0 77 68 79 32 101 120 116 114 97 32 100 97 116 97 32 108 111 99 107 0 0 0 0 0 0 0 0 0 0 0 0 0 0 0 0 0 0 0 0 0 0 0 0 0 0 0 0 0 0 0 0 0 0 0 0 0 0 0 0 0 0 0 0 0 0 0 0 0 0 0 0 0 0 0 0 0 0 0 0 0 0 0 0 0 0 0 0 0 0 0 0 0 0 0 0 0 0 0 0 0 0 0 0 0 0 0 0 0 0 0 0 0 0 0 0 0 0 0 0 0 0 0 0 0 0 0 0 0 0 0 0 0 0 0 0 0 0 1 0 0 161 9 0 0 1 0 0 0 0 0 0 0 0 0 0 0 2 0 0 0 0 0 7 0 2 0 0 0 64 0 0 0 255 255 255 255 2 0 1 0 0 0 0 0 data 8 0x10002 0x134 0x80005 0x0 0x1a4644a0 0x134 0x0 0x0 oops 1 4 java/io/FileOutputStream
instanceKlass org/apache/poi/ss/usermodel/ExcelNumberFormat
instanceKlass org/testng/internal/Parameters$3
instanceKlass org/testng/internal/Parameters$2
instanceKlass sun/reflect/generics/tree/ArrayTypeSignature
instanceKlass org/testng/internal/DataProviderHolder
instanceKlass org/testng/util/Strings
instanceKlass org/testng/internal/collections/Ints
instanceKlass org/openqa/selenium/WrapsElement
instanceKlass org/openqa/selenium/remote/internal/WebElementToJsonConverter
instanceKlass com/google/common/io/Closer$SuppressingSuppressor
instanceKlass com/google/common/io/Closer$Suppressor
instanceKlass com/google/common/io/Closer
instanceKlass com/google/common/io/LineProcessor
instanceKlass com/google/common/io/Resources
instanceKlass org/openqa/selenium/support/ui/ExpectedConditions$7
instanceKlass java/time/Instant$1
instanceKlass java/time/Instant
instanceKlass org/openqa/selenium/support/ui/ExpectedConditions$22
instanceKlass org/openqa/selenium/support/ui/ExpectedCondition
instanceKlass org/openqa/selenium/support/ui/ExpectedConditions
instanceKlass org/openqa/selenium/support/ui/FluentWait$$Lambda$229
instanceKlass org/openqa/selenium/support/ui/Sleeper$$Lambda$228
instanceKlass java/lang/invoke/LambdaForm$DMH
instanceKlass org/openqa/selenium/support/ui/Sleeper
instanceKlass java/time/LocalTime
instanceKlass java/time/LocalDate
instanceKlass java/time/zone/ZoneOffsetTransition
instanceKlass java/time/LocalDateTime
instanceKlass java/time/zone/ZoneOffsetTransitionRule
instanceKlass java/time/zone/ZoneRules
instanceKlass java/time/zone/Ser
instanceKlass java/io/Externalizable
instanceKlass java/time/zone/ZoneRulesProvider$1
instanceKlass java/time/zone/ZoneRulesProvider
instanceKlass java/time/Clock
instanceKlass java/net/URLEncoder
instanceKlass org/openqa/selenium/net/Urls
instanceKlass org/openqa/selenium/remote/http/W3CHttpCommandCodec$$Lambda$227
instanceKlass org/openqa/selenium/remote/http/W3CHttpCommandCodec$$Lambda$226
instanceKlass org/openqa/selenium/remote/http/W3CHttpCommandCodec$$Lambda$225
instanceKlass org/openqa/selenium/remote/http/W3CHttpCommandCodec$$Lambda$224
instanceKlass java/util/stream/Streams$AbstractStreamBuilderImpl
instanceKlass java/util/stream/Stream$Builder
instanceKlass java/util/stream/Collectors$$Lambda$223
instanceKlass java/util/stream/Collectors$$Lambda$222
instanceKlass java/util/stream/Collectors$$Lambda$221
instanceKlass java/util/stream/Collectors$$Lambda$220
instanceKlass org/openqa/selenium/remote/http/W3CHttpCommandCodec$$Lambda$219
instanceKlass org/openqa/selenium/interactions/Coordinates
instanceKlass com/google/common/collect/Lists
instanceKlass com/google/common/collect/FluentIterable
instanceKlass org/openqa/selenium/By
instanceKlass Scripts/ReusableFunctions
instanceKlass org/openqa/selenium/remote/RemoteWebDriver$RemoteWebDriverOptions$RemoteWindow
instanceKlass org/openqa/selenium/WebDriver$Timeouts
instanceKlass org/openqa/selenium/WebDriver$ImeHandler
instanceKlass org/openqa/selenium/WebDriver$Window
instanceKlass org/openqa/selenium/remote/RemoteWebDriver$RemoteWebDriverOptions
instanceKlass com/relevantcodes/extentreports/model/Log
instanceKlass com/relevantcodes/extentreports/model/Media
instanceKlass com/relevantcodes/extentreports/view/ScreenshotHtml
instanceKlass org/openqa/selenium/OutputType$3
instanceKlass org/openqa/selenium/OutputType$2
instanceKlass org/openqa/selenium/OutputType$1
instanceKlass org/openqa/selenium/OutputType
instanceKlass org/openqa/selenium/json/JsonInput$$Lambda$218
instanceKlass java/util/Collections$UnmodifiableList$1
instanceKlass org/testng/internal/DynamicGraph$1
instanceKlass org/openqa/selenium/remote/mobile/RemoteNetworkConnection
instanceKlass org/openqa/selenium/remote/RemoteTouchScreen
instanceKlass org/openqa/selenium/html5/LocalStorage
instanceKlass org/openqa/selenium/html5/SessionStorage
instanceKlass org/openqa/selenium/remote/html5/RemoteWebStorage
instanceKlass org/openqa/selenium/remote/html5/RemoteLocationContext
instanceKlass org/openqa/selenium/remote/RemoteWebElement
instanceKlass org/openqa/selenium/interactions/Locatable
instanceKlass org/openqa/selenium/internal/HasIdentity
instanceKlass org/openqa/selenium/WrapsDriver
instanceKlass org/openqa/selenium/remote/http/AbstractHttpResponseCodec
instanceKlass org/openqa/selenium/interactions/KeyInput
instanceKlass org/openqa/selenium/interactions/Interaction
instanceKlass org/openqa/selenium/interactions/PointerInput
instanceKlass org/openqa/selenium/interactions/Encodable
instanceKlass com/google/common/base/AbstractIterator$1
instanceKlass com/google/common/base/Splitter$5
instanceKlass org/openqa/selenium/remote/http/AbstractHttpCommandCodec$CommandSpec
instanceKlass com/google/common/base/AbstractIterator
instanceKlass com/google/common/base/Splitter$1
instanceKlass com/google/common/base/Splitter$Strategy
instanceKlass com/google/common/base/Splitter
instanceKlass org/openqa/selenium/WebElement
instanceKlass org/openqa/selenium/interactions/InputSource
instanceKlass org/openqa/selenium/remote/http/AbstractHttpCommandCodec
instanceKlass java/util/Formatter$DateTime
instanceKlass sun/util/logging/LoggingSupport$2
instanceKlass java/util/logging/Formatter
instanceKlass java/util/logging/LogRecord
instanceKlass org/openqa/selenium/remote/ProtocolHandshake$Result$$Lambda$217
instanceKlass org/openqa/selenium/Proxy
instanceKlass org/openqa/selenium/remote/W3CHandshakeResponse$$Lambda$216
instanceKlass org/openqa/selenium/remote/W3CHandshakeResponse$$Lambda$215
instanceKlass org/openqa/selenium/remote/JsonWireProtocolResponse$$Lambda$214
instanceKlass org/openqa/selenium/remote/JsonWireProtocolResponse$$Lambda$213
instanceKlass org/openqa/selenium/remote/ProtocolHandshake$$Lambda$212
instanceKlass org/openqa/selenium/remote/ProtocolHandshake$$Lambda$211
instanceKlass org/openqa/selenium/remote/W3CHandshakeResponse
instanceKlass org/openqa/selenium/remote/HandshakeResponse$$Lambda$210
instanceKlass org/openqa/selenium/remote/ProtocolHandshake$Result
instanceKlass org/openqa/selenium/remote/JsonWireProtocolResponse
instanceKlass org/openqa/selenium/remote/HandshakeResponse
instanceKlass org/openqa/selenium/remote/InitialHandshakeResponse
instanceKlass org/openqa/selenium/json/NumberCoercer$1
instanceKlass org/openqa/selenium/json/NumberCoercer$$Lambda$209
instanceKlass com/google/common/base/MoreObjects
instanceKlass com/google/common/net/MediaType$Tokenizer
instanceKlass org/openqa/selenium/remote/internal/OkHttpClient$$Lambda$208
instanceKlass org/openqa/selenium/remote/internal/OkHttpClient$$Lambda$207
instanceKlass okhttp3/internal/http1/Http1Codec$AbstractSource
instanceKlass okhttp3/internal/http/HttpHeaders
instanceKlass okhttp3/Response$Builder
instanceKlass okhttp3/internal/http/StatusLine
instanceKlass okhttp3/internal/http1/Http1Codec$FixedLengthSink
instanceKlass okio/ForwardingSink
instanceKlass okio/Segment
instanceKlass okio/SegmentPool
instanceKlass okhttp3/internal/http/RequestLine
instanceKlass okhttp3/internal/http1/Http1Codec
instanceKlass okio/RealBufferedSink
instanceKlass okio/AsyncTimeout$1
instanceKlass okio/Okio$1
instanceKlass okio/RealBufferedSource
instanceKlass okio/AsyncTimeout$2
instanceKlass okio/Okio$2
instanceKlass okio/Timeout
instanceKlass okio/Okio
instanceKlass okhttp3/internal/connection/ConnectionSpecSelector
instanceKlass okhttp3/internal/ws/RealWebSocket$Streams
instanceKlass okhttp3/internal/http/HttpCodec
instanceKlass okhttp3/internal/http2/Http2Connection$Listener
instanceKlass okhttp3/internal/connection/RouteSelector$Selection
instanceKlass okhttp3/Route
instanceKlass java/util/ArrayDeque$DeqIterator
instanceKlass okhttp3/CacheControl$Builder
instanceKlass okhttp3/CacheControl
instanceKlass okhttp3/internal/cache/CacheStrategy
instanceKlass okhttp3/internal/cache/CacheStrategy$Factory
instanceKlass okhttp3/internal/connection/RouteSelector
instanceKlass okhttp3/Address
instanceKlass okhttp3/internal/connection/StreamAllocation
instanceKlass okhttp3/Connection
instanceKlass okhttp3/internal/http/RealInterceptorChain
instanceKlass okhttp3/internal/http/CallServerInterceptor
instanceKlass okhttp3/internal/connection/ConnectInterceptor
instanceKlass okhttp3/internal/cache/CacheInterceptor
instanceKlass okhttp3/internal/http/BridgeInterceptor
instanceKlass okhttp3/internal/http/RetryAndFollowUpInterceptor
instanceKlass okhttp3/RealCall
instanceKlass okhttp3/Headers
instanceKlass okhttp3/Request
instanceKlass okhttp3/internal/http/HttpMethod
instanceKlass com/google/common/io/ByteArrayDataOutput
instanceKlass com/google/common/io/ByteArrayDataInput
instanceKlass com/google/common/io/ByteStreams
instanceKlass okhttp3/MediaType
instanceKlass org/openqa/selenium/remote/internal/OkHttpClient$1
instanceKlass org/openqa/selenium/BuildInfo
instanceKlass com/google/common/collect/CollectSpliterators$1$$Lambda$206
instanceKlass com/google/common/collect/CollectSpliterators$1
instanceKlass com/google/common/collect/AbstractMapBasedMultimap$$Lambda$205
instanceKlass com/google/common/collect/CollectSpliterators$1FlatMapSpliterator$$Lambda$204
instanceKlass java/lang/invoke/LambdaForm$DMH
instanceKlass org/openqa/selenium/remote/http/HttpMessage$$Lambda$203
instanceKlass org/openqa/selenium/remote/http/HttpMessage$$Lambda$202
instanceKlass org/openqa/selenium/remote/http/HttpMessage$$Lambda$201
instanceKlass com/google/common/collect/CollectSpliterators$1FlatMapSpliterator
instanceKlass com/google/common/collect/CollectSpliterators
instanceKlass com/google/common/collect/AbstractMapBasedMultimap$$Lambda$200
instanceKlass com/google/common/collect/AbstractMapBasedMultimap$KeySet$1
instanceKlass sun/text/normalizer/UnicodeSet
instanceKlass sun/text/normalizer/UnicodeMatcher
instanceKlass sun/text/normalizer/NormalizerImpl$AuxTrieImpl
instanceKlass sun/text/normalizer/NormalizerImpl$NormTrieImpl
instanceKlass sun/text/normalizer/NormalizerImpl$FCDTrieImpl
instanceKlass sun/text/normalizer/NormalizerDataReader
instanceKlass sun/text/normalizer/ICUData
instanceKlass sun/text/normalizer/NormalizerImpl
instanceKlass sun/text/normalizer/VersionInfo
instanceKlass sun/text/normalizer/CharTrie$FriendAgent
instanceKlass sun/text/normalizer/Trie
instanceKlass sun/net/idn/StringPrep$StringPrepTrieImpl
instanceKlass sun/text/normalizer/Trie$DataManipulate
instanceKlass sun/text/normalizer/ICUBinary
instanceKlass sun/net/idn/StringPrepDataReader
instanceKlass sun/text/normalizer/ICUBinary$Authenticate
instanceKlass sun/net/idn/StringPrep
instanceKlass java/net/IDN
instanceKlass okhttp3/HttpUrl$Builder
instanceKlass okhttp3/HttpUrl
instanceKlass okhttp3/Headers$Builder
instanceKlass okhttp3/Request$Builder
instanceKlass com/google/common/collect/SortedSetMultimap
instanceKlass com/google/common/collect/Multimaps
instanceKlass com/google/common/net/MediaType$2
instanceKlass com/google/common/base/Joiner$MapJoiner
instanceKlass com/google/common/base/Joiner
instanceKlass com/google/common/primitives/Ints
instanceKlass com/google/common/collect/AbstractMapBasedMultiset$2
instanceKlass com/google/common/collect/Multisets$AbstractEntry
instanceKlass com/google/common/collect/Count
instanceKlass com/google/common/collect/Collections2
instanceKlass com/google/common/collect/Iterables
instanceKlass com/google/common/collect/SortedMultiset
instanceKlass com/google/common/collect/SortedMultisetBridge
instanceKlass com/google/common/collect/Multiset$Entry
instanceKlass com/google/common/collect/Multisets
instanceKlass com/google/common/base/Optional
instanceKlass com/google/common/collect/TransformedIterator
instanceKlass com/google/common/collect/Maps$13
instanceKlass com/google/common/base/ExtraObjectsMethodsForWeb
instanceKlass com/google/common/collect/Maps$9
instanceKlass com/google/common/net/MediaType$1
instanceKlass java/util/DualPivotQuicksort
instanceKlass com/google/common/base/CharMatcher
instanceKlass com/google/common/collect/ImmutableMultimap$Builder
instanceKlass com/google/common/base/Ascii
instanceKlass com/google/common/base/Charsets
instanceKlass com/google/common/net/MediaType
instanceKlass com/google/common/collect/Maps$EntryTransformer
instanceKlass com/google/common/base/Converter
instanceKlass com/google/common/collect/SortedMapDifference
instanceKlass com/google/common/collect/MapDifference
instanceKlass com/google/common/collect/Maps
instanceKlass com/google/common/collect/Multiset
instanceKlass com/google/common/collect/ListMultimap
instanceKlass org/openqa/selenium/remote/http/HttpMessage
instanceKlass org/openqa/selenium/remote/NewSessionPayload$$Lambda$199
instanceKlass org/openqa/selenium/remote/NewSessionPayload$$Lambda$198
instanceKlass org/openqa/selenium/remote/NewSessionPayload$$Lambda$197
instanceKlass org/openqa/selenium/remote/NewSessionPayload$$Lambda$196
instanceKlass org/openqa/selenium/remote/NewSessionPayload$$Lambda$195
instanceKlass org/openqa/selenium/remote/NewSessionPayload$$Lambda$194
instanceKlass org/openqa/selenium/remote/NewSessionPayload$$Lambda$193
instanceKlass org/openqa/selenium/remote/NewSessionPayload$$Lambda$192
instanceKlass org/openqa/selenium/remote/NewSessionPayload$$Lambda$191
instanceKlass org/openqa/selenium/remote/NewSessionPayload$$Lambda$190
instanceKlass org/openqa/selenium/remote/NewSessionPayload$$Lambda$189
instanceKlass org/openqa/selenium/remote/session/SafariFilter$$Lambda$188
instanceKlass org/openqa/selenium/remote/session/SafariFilter$$Lambda$187
instanceKlass org/openqa/selenium/remote/session/SafariFilter$$Lambda$186
instanceKlass org/openqa/selenium/remote/session/SafariFilter$$Lambda$185
instanceKlass org/openqa/selenium/remote/session/OperaFilter$$Lambda$184
instanceKlass org/openqa/selenium/remote/session/OperaFilter$$Lambda$183
instanceKlass org/openqa/selenium/remote/session/OperaFilter$$Lambda$182
instanceKlass org/openqa/selenium/remote/session/OperaFilter$$Lambda$181
instanceKlass org/openqa/selenium/remote/session/InternetExplorerFilter$$Lambda$180
instanceKlass org/openqa/selenium/remote/session/InternetExplorerFilter$$Lambda$179
instanceKlass org/openqa/selenium/remote/session/InternetExplorerFilter$$Lambda$178
instanceKlass org/openqa/selenium/remote/session/InternetExplorerFilter$$Lambda$177
instanceKlass org/openqa/selenium/remote/session/FirefoxFilter$$Lambda$176
instanceKlass org/openqa/selenium/remote/session/FirefoxFilter$$Lambda$175
instanceKlass org/openqa/selenium/remote/session/FirefoxFilter$$Lambda$174
instanceKlass org/openqa/selenium/remote/session/FirefoxFilter$$Lambda$173
instanceKlass org/openqa/selenium/remote/session/FirefoxFilter$$Lambda$172
instanceKlass org/openqa/selenium/remote/session/FirefoxFilter$$Lambda$171
instanceKlass com/google/common/collect/CollectCollectors$$Lambda$170
instanceKlass com/google/common/collect/CollectCollectors$$Lambda$169
instanceKlass com/google/common/collect/CollectCollectors$$Lambda$168
instanceKlass java/lang/invoke/LambdaForm$DMH
instanceKlass com/google/common/collect/CollectCollectors$$Lambda$167
instanceKlass org/openqa/selenium/remote/session/EdgeFilter$$Lambda$166
instanceKlass org/openqa/selenium/remote/session/EdgeFilter$$Lambda$165
instanceKlass org/openqa/selenium/remote/session/EdgeFilter$$Lambda$164
instanceKlass org/openqa/selenium/remote/session/EdgeFilter$$Lambda$163
instanceKlass java/util/stream/Collectors$$Lambda$162
instanceKlass java/util/stream/Collectors$$Lambda$161
instanceKlass org/openqa/selenium/remote/NewSessionPayload$$Lambda$160
instanceKlass org/openqa/selenium/remote/NewSessionPayload$$Lambda$159
instanceKlass org/openqa/selenium/remote/NewSessionPayload$$Lambda$158
instanceKlass org/openqa/selenium/remote/NewSessionPayload$$Lambda$157
instanceKlass org/openqa/selenium/remote/NewSessionPayload$$Lambda$156
instanceKlass java/util/concurrent/ForkJoinPool$1
instanceKlass java/util/concurrent/ForkJoinPool$DefaultForkJoinWorkerThreadFactory
instanceKlass java/util/concurrent/ForkJoinPool$WorkQueue
instanceKlass java/util/concurrent/ForkJoinPool$ForkJoinWorkerThreadFactory
instanceKlass java/util/concurrent/ForkJoinTask
instanceKlass java/util/stream/AbstractPipeline$$Lambda$155
instanceKlass java/util/stream/Collectors$$Lambda$154
instanceKlass java/util/stream/Collectors$$Lambda$153
instanceKlass java/lang/invoke/LambdaForm$DMH
instanceKlass org/openqa/selenium/remote/session/ChromeFilter$$Lambda$152
instanceKlass org/openqa/selenium/remote/session/ChromeFilter$$Lambda$151
instanceKlass org/openqa/selenium/remote/session/ChromeFilter$$Lambda$150
instanceKlass org/openqa/selenium/remote/session/ChromeFilter$$Lambda$149
instanceKlass java/util/stream/DistinctOps
instanceKlass org/openqa/selenium/remote/session/ChromeFilter$$Lambda$148
instanceKlass org/openqa/selenium/remote/session/ChromeFilter$$Lambda$147
instanceKlass java/util/TreeMap$EntrySpliterator$$Lambda$146
instanceKlass java/util/TreeMap$TreeMapSpliterator
instanceKlass org/openqa/selenium/remote/NewSessionPayload$$Lambda$145
instanceKlass org/openqa/selenium/remote/NewSessionPayload$$Lambda$144
instanceKlass org/openqa/selenium/remote/NewSessionPayload$$Lambda$143
instanceKlass org/openqa/selenium/remote/NewSessionPayload$$Lambda$142
instanceKlass org/openqa/selenium/remote/NewSessionPayload$$Lambda$141
instanceKlass org/openqa/selenium/remote/NewSessionPayload$$Lambda$140
instanceKlass org/openqa/selenium/remote/NewSessionPayload$$Lambda$139
instanceKlass com/google/common/collect/CollectCollectors$$Lambda$138
instanceKlass com/google/common/collect/CollectCollectors$$Lambda$137
instanceKlass com/google/common/collect/CollectCollectors$$Lambda$136
instanceKlass com/google/common/collect/CollectCollectors$$Lambda$135
instanceKlass com/google/common/collect/Ordering
instanceKlass org/openqa/selenium/remote/NewSessionPayload$$Lambda$134
instanceKlass org/openqa/selenium/remote/NewSessionPayload$$Lambda$133
instanceKlass java/util/HashMap$HashMapSpliterator
instanceKlass com/google/common/collect/Sets
instanceKlass org/openqa/selenium/remote/NewSessionPayload$$Lambda$132
instanceKlass org/openqa/selenium/remote/NewSessionPayload$$Lambda$131
instanceKlass java/lang/invoke/LambdaForm$BMH
instanceKlass org/openqa/selenium/remote/NewSessionPayload$$Lambda$130
instanceKlass org/openqa/selenium/remote/NewSessionPayload$$Lambda$129
instanceKlass org/openqa/selenium/remote/NewSessionPayload$$Lambda$128
instanceKlass java/util/Collections$2
instanceKlass org/openqa/selenium/json/JsonInput$1
instanceKlass org/openqa/selenium/json/CollectionCoercer$$Lambda$127
instanceKlass org/openqa/selenium/json/CollectionCoercer$$Lambda$126
instanceKlass org/openqa/selenium/json/JsonInput$$Lambda$125
instanceKlass org/openqa/selenium/json/BooleanCoercer$$Lambda$124
instanceKlass org/openqa/selenium/json/ObjectCoercer$1
instanceKlass org/openqa/selenium/json/ObjectCoercer$$Lambda$123
instanceKlass org/openqa/selenium/json/StringCoercer$1
instanceKlass org/openqa/selenium/json/StringCoercer$$Lambda$122
instanceKlass java/lang/invoke/LambdaForm$MH
instanceKlass org/openqa/selenium/json/MapCoercer$$Lambda$121
instanceKlass java/util/Spliterators$IteratorSpliterator
instanceKlass org/openqa/selenium/json/JsonInputIterator
instanceKlass org/openqa/selenium/json/JsonTypeCoercer$$Lambda$120
instanceKlass org/openqa/selenium/json/JsonTypeCoercer$$Lambda$119
instanceKlass org/openqa/selenium/json/JsonTypeCoercer$$Lambda$118
instanceKlass java/lang/invoke/LambdaForm$MH
instanceKlass org/openqa/selenium/json/MapCoercer$$Lambda$117
instanceKlass org/openqa/selenium/json/JsonTypeCoercer$$Lambda$116
instanceKlass org/openqa/selenium/remote/Response
instanceKlass com/google/common/primitives/Primitives
instanceKlass org/openqa/selenium/json/Types
instanceKlass org/openqa/selenium/json/JsonTypeCoercer$$Lambda$115
instanceKlass org/openqa/selenium/json/JsonTypeCoercer$$Lambda$114
instanceKlass org/openqa/selenium/json/Input
instanceKlass org/openqa/selenium/json/JsonInput
instanceKlass org/openqa/selenium/remote/session/W3CPlatformNameNormaliser
instanceKlass org/openqa/selenium/remote/session/StripAnyPlatform
instanceKlass org/openqa/selenium/remote/session/ProxyTransform
instanceKlass org/openqa/selenium/remote/NewSessionPayload$$Lambda$113
instanceKlass org/openqa/selenium/remote/session/CapabilityTransform
instanceKlass org/openqa/selenium/remote/session/SafariFilter
instanceKlass org/openqa/selenium/remote/session/OperaFilter
instanceKlass org/openqa/selenium/remote/session/InternetExplorerFilter
instanceKlass org/openqa/selenium/remote/session/FirefoxFilter
instanceKlass org/openqa/selenium/remote/session/EdgeFilter
instanceKlass org/openqa/selenium/remote/session/ChromeFilter
instanceKlass org/openqa/selenium/remote/NewSessionPayload$$Lambda$112
instanceKlass org/openqa/selenium/remote/session/CapabilitiesFilter
instanceKlass com/google/common/io/CharStreams
instanceKlass org/openqa/selenium/json/JsonOutput$$Lambda$111
instanceKlass java/util/function/UnaryOperator
instanceKlass java/util/stream/Sink$ChainedInt
instanceKlass java/util/stream/Sink$OfInt
instanceKlass java/util/function/IntConsumer
instanceKlass java/util/Spliterators$IntIteratorSpliterator
instanceKlass java/lang/CharSequence$1CharIterator
instanceKlass java/util/PrimitiveIterator$OfInt
instanceKlass java/util/PrimitiveIterator
instanceKlass java/util/stream/ForEachOps$ForEachOp
instanceKlass java/util/stream/ForEachOps
instanceKlass org/openqa/selenium/json/JsonOutput$$Lambda$110
instanceKlass org/openqa/selenium/json/JsonOutput$$Lambda$109
instanceKlass java/util/function/IntFunction
instanceKlass java/lang/invoke/LambdaForm$DMH
instanceKlass java/util/stream/IntStream
instanceKlass java/lang/CharSequence$$Lambda$108
instanceKlass org/openqa/selenium/json/JsonOutput$$Lambda$107
instanceKlass java/lang/invoke/LambdaForm$DMH
instanceKlass org/openqa/selenium/json/JsonOutput$$Lambda$106
instanceKlass org/openqa/selenium/json/JsonOutput$$Lambda$105
instanceKlass java/lang/invoke/LambdaForm$DMH
instanceKlass com/google/common/collect/AbstractMultimap
instanceKlass com/google/common/collect/SetMultimap
instanceKlass com/google/common/collect/Multimap
instanceKlass java/util/stream/FindOps$$Lambda$104
instanceKlass java/util/stream/FindOps$FindSink
instanceKlass java/util/stream/FindOps$$Lambda$103
instanceKlass java/util/stream/FindOps$FindOp
instanceKlass java/util/stream/FindOps
instanceKlass org/openqa/selenium/json/JsonOutput$$Lambda$102
instanceKlass org/openqa/selenium/json/JsonOutput$$Lambda$101
instanceKlass org/openqa/selenium/json/JsonOutput$$Lambda$100
instanceKlass org/openqa/selenium/json/JsonOutput$$Lambda$99
instanceKlass org/openqa/selenium/json/JsonOutput$$Lambda$98
instanceKlass java/lang/invoke/LambdaForm$DMH
instanceKlass org/openqa/selenium/json/JsonOutput$$Lambda$97
instanceKlass org/openqa/selenium/json/JsonOutput$$Lambda$96
instanceKlass org/openqa/selenium/json/JsonOutput$$Lambda$95
instanceKlass org/openqa/selenium/json/JsonOutput$$Lambda$94
instanceKlass org/openqa/selenium/json/JsonOutput$$Lambda$93
instanceKlass org/openqa/selenium/json/JsonOutput$$Lambda$92
instanceKlass org/openqa/selenium/json/JsonOutput$$Lambda$91
instanceKlass org/openqa/selenium/json/JsonOutput$$Lambda$90
instanceKlass org/openqa/selenium/json/JsonOutput$$Lambda$89
instanceKlass org/openqa/selenium/json/JsonOutput$$Lambda$88
instanceKlass org/openqa/selenium/json/JsonOutput$$Lambda$87
instanceKlass org/openqa/selenium/json/JsonOutput$$Lambda$86
instanceKlass org/openqa/selenium/json/JsonOutput$$Lambda$85
instanceKlass org/openqa/selenium/remote/SessionId
instanceKlass org/openqa/selenium/json/JsonOutput$$Lambda$84
instanceKlass org/openqa/selenium/json/JsonOutput$$Lambda$83
instanceKlass org/openqa/selenium/json/JsonOutput$$Lambda$82
instanceKlass org/openqa/selenium/json/JsonOutput$$Lambda$81
instanceKlass org/openqa/selenium/json/JsonOutput$$Lambda$80
instanceKlass org/openqa/selenium/json/JsonOutput$$Lambda$79
instanceKlass org/openqa/selenium/json/JsonOutput$$Lambda$78
instanceKlass org/openqa/selenium/json/JsonOutput$$Lambda$77
instanceKlass org/openqa/selenium/json/JsonOutput$$Lambda$76
instanceKlass org/openqa/selenium/json/JsonOutput$$Lambda$75
instanceKlass org/openqa/selenium/json/JsonOutput$$Lambda$74
instanceKlass org/openqa/selenium/json/JsonOutput$$Lambda$73
instanceKlass org/openqa/selenium/json/JsonOutput$$Lambda$72
instanceKlass org/openqa/selenium/json/JsonOutput$$Lambda$71
instanceKlass org/openqa/selenium/json/JsonOutput$$Lambda$70
instanceKlass org/openqa/selenium/json/JsonOutput$$Lambda$69
instanceKlass org/openqa/selenium/json/JsonOutput$$Lambda$68
instanceKlass org/openqa/selenium/json/JsonOutput$$Lambda$67
instanceKlass org/openqa/selenium/json/JsonOutput$$Lambda$66
instanceKlass org/openqa/selenium/json/JsonOutput$$Lambda$65
instanceKlass org/openqa/selenium/json/JsonOutput$$Lambda$64
instanceKlass org/openqa/selenium/json/JsonOutput$SafeBiConsumer
instanceKlass java/lang/invoke/LambdaForm$DMH
instanceKlass org/openqa/selenium/json/JsonOutput$$Lambda$63
instanceKlass org/openqa/selenium/json/JsonOutput$Node
instanceKlass org/openqa/selenium/json/JsonOutput$$Lambda$62
instanceKlass com/google/common/collect/ImmutableMap$Builder
instanceKlass org/openqa/selenium/json/JsonOutput$$Lambda$61
instanceKlass org/openqa/selenium/json/JsonOutput
instanceKlass org/openqa/selenium/json/JsonTypeCoercer$$Lambda$60
instanceKlass org/openqa/selenium/json/JsonTypeCoercer$$Lambda$59
instanceKlass org/openqa/selenium/json/JsonTypeCoercer$$Lambda$58
instanceKlass org/openqa/selenium/json/JsonTypeCoercer$$Lambda$57
instanceKlass java/util/stream/Collectors$$Lambda$56
instanceKlass java/util/stream/Collectors$$Lambda$55
instanceKlass org/openqa/selenium/json/JsonTypeCoercer$$Lambda$54
instanceKlass org/openqa/selenium/json/JsonTypeCoercer$$Lambda$53
instanceKlass org/openqa/selenium/json/JsonTypeCoercer$$Lambda$52
instanceKlass org/openqa/selenium/json/JsonTypeCoercer$$Lambda$51
instanceKlass org/openqa/selenium/json/JsonTypeCoercer$$Lambda$50
instanceKlass org/openqa/selenium/json/JsonTypeCoercer$$Lambda$49
instanceKlass org/openqa/selenium/json/JsonTypeCoercer$$Lambda$48
instanceKlass java/lang/invoke/LambdaForm$DMH
instanceKlass org/openqa/selenium/json/JsonTypeCoercer$$Lambda$47
instanceKlass org/openqa/selenium/json/JsonTypeCoercer$$Lambda$46
instanceKlass java/lang/invoke/LambdaForm$DMH
instanceKlass org/openqa/selenium/json/JsonTypeCoercer$$Lambda$45
instanceKlass java/lang/invoke/LambdaForm$DMH
instanceKlass org/openqa/selenium/json/JsonTypeCoercer$$Lambda$44
instanceKlass java/lang/invoke/LambdaForm$DMH
instanceKlass org/openqa/selenium/json/TypeCoercer
instanceKlass org/openqa/selenium/json/JsonTypeCoercer
instanceKlass com/google/common/reflect/TypeCapture
instanceKlass org/openqa/selenium/json/Json
instanceKlass java/util/stream/StreamSpliterators$WrappingSpliterator$$Lambda$43
instanceKlass com/google/common/collect/CollectCollectors$$Lambda$42
instanceKlass com/google/common/collect/CollectCollectors$$Lambda$41
instanceKlass com/google/common/collect/CollectCollectors$$Lambda$40
instanceKlass com/google/common/collect/RangeGwtSerializationDependencies
instanceKlass com/google/common/base/Predicate
instanceKlass com/google/common/collect/CollectCollectors$$Lambda$39
instanceKlass com/google/common/collect/SortedIterable
instanceKlass com/google/common/collect/ImmutableRangeSet$Builder
instanceKlass com/google/common/collect/AbstractRangeSet
instanceKlass com/google/common/collect/RangeSet
instanceKlass com/google/common/collect/CollectCollectors$$Lambda$38
instanceKlass com/google/common/collect/CollectCollectors$$Lambda$37
instanceKlass com/google/common/collect/CollectCollectors$$Lambda$36
instanceKlass com/google/common/collect/CollectCollectors$$Lambda$35
instanceKlass com/google/common/collect/CollectCollectors$$Lambda$34
instanceKlass com/google/common/collect/CollectCollectors$$Lambda$33
instanceKlass com/google/common/collect/CollectCollectors$$Lambda$32
instanceKlass com/google/common/collect/CollectCollectors$$Lambda$31
instanceKlass com/google/common/collect/CollectCollectors
instanceKlass java/util/stream/Streams$2
instanceKlass java/util/stream/Streams
instanceKlass java/util/stream/StreamSpliterators$AbstractWrappingSpliterator
instanceKlass java/util/stream/AbstractPipeline$$Lambda$30
instanceKlass java/util/stream/Streams$ConcatSpliterator
instanceKlass org/openqa/selenium/chrome/ChromeOptions$$Lambda$29
instanceKlass org/openqa/selenium/chrome/ChromeOptions$$Lambda$28
instanceKlass java/lang/invoke/LambdaForm$DMH
instanceKlass java/util/function/Predicate$$Lambda$27
instanceKlass java/lang/invoke/LambdaForm$DMH
instanceKlass java/util/regex/Pattern$$Lambda$26
instanceKlass java/lang/invoke/LambdaForm$DMH
instanceKlass org/openqa/selenium/remote/AcceptedW3CCapabilityKeys$$Lambda$25
instanceKlass java/lang/invoke/LambdaForm$DMH
instanceKlass org/openqa/selenium/remote/AcceptedW3CCapabilityKeys$$Lambda$24
instanceKlass java/lang/invoke/LambdaForm$DMH
instanceKlass org/openqa/selenium/remote/AcceptedW3CCapabilityKeys$$Lambda$23
instanceKlass org/openqa/selenium/remote/AcceptedW3CCapabilityKeys$$Lambda$22
instanceKlass java/util/Spliterators$ArraySpliterator
instanceKlass java/util/Spliterator$OfDouble
instanceKlass java/util/Spliterator$OfLong
instanceKlass java/util/Spliterator$OfInt
instanceKlass java/util/Spliterator$OfPrimitive
instanceKlass java/util/Spliterators$EmptySpliterator
instanceKlass java/util/Spliterators
instanceKlass org/openqa/selenium/remote/AcceptedW3CCapabilityKeys
instanceKlass org/openqa/selenium/remote/CommandCodec
instanceKlass org/openqa/selenium/remote/ResponseCodec
instanceKlass org/openqa/selenium/remote/NewSessionPayload
instanceKlass com/google/common/io/CharSource
instanceKlass com/google/common/hash/PrimitiveSink
instanceKlass com/google/common/io/ByteSource
instanceKlass org/openqa/selenium/logging/LogEntry$$Lambda$21
instanceKlass java/lang/invoke/LambdaForm$DMH
instanceKlass org/openqa/selenium/remote/ProtocolHandshake
instanceKlass sun/net/www/http/KeepAliveEntry
instanceKlass sun/net/www/http/KeepAliveCache$1
instanceKlass sun/net/www/http/KeepAliveStreamCleaner$2
instanceKlass sun/net/www/http/KeepAliveStreamCleaner$1
instanceKlass sun/net/www/http/Hurryable
instanceKlass java/net/Socket$2
instanceKlass sun/net/www/protocol/http/AuthCacheImpl
instanceKlass sun/net/www/protocol/http/AuthCache
instanceKlass sun/net/www/protocol/http/AuthCacheValue
instanceKlass sun/net/DefaultProgressMeteringPolicy
instanceKlass sun/net/ProgressMeteringPolicy
instanceKlass sun/net/ProgressMonitor
instanceKlass java/net/Socket$3
instanceKlass java/net/SocksSocketImpl$3
instanceKlass java/net/Socket
instanceKlass sun/net/www/http/HttpCapture$1
instanceKlass sun/net/www/http/HttpCapture
instanceKlass sun/net/www/http/KeepAliveKey
instanceKlass sun/net/NetworkClient$1
instanceKlass sun/net/NetworkClient
instanceKlass java/net/Proxy
instanceKlass sun/net/spi/DefaultProxySelector$3
instanceKlass sun/net/spi/DefaultProxySelector$NonProxyInfo
instanceKlass sun/net/www/protocol/http/HttpURLConnection$7
instanceKlass java/net/ResponseCache
instanceKlass sun/net/www/protocol/http/HttpURLConnection$3
instanceKlass java/net/CookieHandler
instanceKlass sun/net/www/protocol/http/HttpURLConnection$2
instanceKlass java/util/logging/Logger$1
instanceKlass sun/net/www/protocol/http/HttpURLConnection$$Lambda$20
instanceKlass sun/security/action/GetIntegerAction
instanceKlass java/lang/invoke/LambdaForm$MH
instanceKlass org/openqa/selenium/net/UrlChecker$$Lambda$19
instanceKlass org/apache/commons/exec/StreamPumper
instanceKlass com/google/common/util/concurrent/SimpleTimeLimiter
instanceKlass java/util/concurrent/Executors
instanceKlass org/openqa/selenium/net/UrlChecker$$Lambda$18
instanceKlass org/apache/commons/exec/environment/DefaultProcessingEnvironment
instanceKlass com/google/common/util/concurrent/TimeLimiter
instanceKlass org/apache/commons/exec/environment/EnvironmentUtils
instanceKlass org/openqa/selenium/net/UrlChecker
instanceKlass org/apache/commons/exec/DefaultExecutor$1
instanceKlass java/util/Collections$UnmodifiableMap$UnmodifiableEntrySet$UnmodifiableEntry
instanceKlass java/util/Collections$UnmodifiableMap$UnmodifiableEntrySet$1
instanceKlass org/apache/commons/exec/CommandLine$Argument
instanceKlass org/apache/commons/exec/util/StringUtils
instanceKlass org/apache/commons/exec/CommandLine
instanceKlass org/apache/commons/exec/OS
instanceKlass org/apache/commons/exec/launcher/CommandLauncherImpl
instanceKlass org/apache/commons/exec/launcher/CommandLauncher
instanceKlass org/apache/commons/exec/launcher/CommandLauncherFactory
instanceKlass org/apache/commons/exec/PumpStreamHandler
instanceKlass org/apache/commons/exec/DefaultExecutor
instanceKlass org/apache/commons/exec/DefaultExecuteResultHandler
instanceKlass org/apache/commons/exec/ExecuteResultHandler
instanceKlass org/apache/commons/exec/ExecuteStreamHandler
instanceKlass org/apache/commons/exec/ExecuteWatchdog
instanceKlass org/apache/commons/exec/TimeoutObserver
instanceKlass org/apache/commons/exec/Executor
instanceKlass org/openqa/selenium/os/OsProcess
instanceKlass com/google/common/collect/Platform
instanceKlass com/google/common/collect/ObjectArrays
instanceKlass org/openqa/selenium/os/CommandLine
instanceKlass java/util/Formattable
instanceKlass org/openqa/selenium/remote/Command
instanceKlass org/openqa/selenium/remote/RemoteLogs
instanceKlass org/openqa/selenium/logging/LoggingPreferences
instanceKlass org/openqa/selenium/remote/RemoteMouse
instanceKlass org/openqa/selenium/remote/RemoteKeyboard
instanceKlass org/openqa/selenium/remote/RemoteExecuteMethod
instanceKlass org/openqa/selenium/remote/internal/JsonToWebElementConverter
instanceKlass com/google/common/base/Function
instanceKlass java/util/logging/ErrorManager
instanceKlass org/openqa/selenium/remote/UselessFileDetector
instanceKlass org/openqa/selenium/remote/ErrorCodes$KnownError
instanceKlass org/openqa/selenium/remote/ErrorCodes
instanceKlass org/openqa/selenium/remote/ErrorHandler
instanceKlass okhttp3/internal/tls/BasicTrustRootIndex
instanceKlass javax/net/ssl/X509ExtendedKeyManager
instanceKlass javax/net/ssl/X509KeyManager
instanceKlass javax/net/ssl/KeyManager
instanceKlass sun/security/ssl/SSLSessionContextImpl$1
instanceKlass sun/security/ssl/SSLSessionContextImpl
instanceKlass javax/net/ssl/SSLSessionContext
instanceKlass sun/security/ssl/EphemeralKeyManager$EphemeralKeyPair
instanceKlass sun/security/ssl/EphemeralKeyManager
instanceKlass sun/security/ssl/SSLContextImpl$CustomizedSSLProtocols
instanceKlass sun/security/ssl/CipherSuiteList
instanceKlass java/security/spec/ECGenParameterSpec
instanceKlass sun/security/util/ECKeySizeParameterSpec
instanceKlass sun/security/util/SecurityProviderConstants
instanceKlass java/security/KeyPairGeneratorSpi
instanceKlass sun/security/util/AnchorCertificates$1
instanceKlass sun/security/util/AnchorCertificates
instanceKlass java/security/cert/TrustAnchor
instanceKlass sun/security/x509/X509CertImpl$$Lambda$17
instanceKlass sun/security/util/UntrustedCertificates$1
instanceKlass sun/security/util/UntrustedCertificates
instanceKlass java/security/cert/PKIXCertPathChecker
instanceKlass java/security/cert/CertPathChecker
instanceKlass javax/crypto/JarVerifier$JarHolder
instanceKlass javax/crypto/JarVerifier$2
instanceKlass javax/crypto/JceSecurity$2
instanceKlass javax/crypto/KeyAgreement
instanceKlass sun/security/ssl/JsseJce$EcAvailability
instanceKlass sun/security/ssl/SSLAlgorithmDecomposer$1
instanceKlass sun/security/ssl/CipherSuite$MacAlg
instanceKlass javax/crypto/JceSecurityManager$1
instanceKlass java/security/spec/DSAParameterSpec
instanceKlass java/security/interfaces/DSAParams
instanceKlass java/security/interfaces/DSAPrivateKey
instanceKlass sun/security/validator/EndEntityChecker
instanceKlass sun/security/validator/Validator
instanceKlass sun/security/util/Pem
instanceKlass javax/crypto/JarVerifier$1
instanceKlass javax/crypto/JarVerifier
instanceKlass java/util/Vector$1
instanceKlass javax/crypto/CryptoPolicyParser$CryptoPermissionEntry
instanceKlass javax/crypto/CryptoPolicyParser$GrantEntry
instanceKlass java/io/StreamTokenizer
instanceKlass javax/crypto/CryptoPolicyParser
instanceKlass javax/crypto/JceSecurity$1
instanceKlass javax/crypto/JceSecurity
instanceKlass javax/crypto/Cipher
instanceKlass sun/security/krb5/Realm
instanceKlass sun/security/krb5/PrincipalName
instanceKlass sun/security/ssl/JsseJce$1
instanceKlass sun/security/ssl/JsseJce
instanceKlass sun/security/ssl/CipherSuite$BulkCipher
instanceKlass sun/security/ssl/CipherSuite
instanceKlass sun/security/ssl/SSLAlgorithmConstraints
instanceKlass sun/security/ssl/ProtocolVersion
instanceKlass sun/security/ssl/ProtocolList
instanceKlass javax/net/ssl/SSLContextSpi
instanceKlass javax/net/ssl/SSLContext
instanceKlass javax/net/ssl/SSLParameters
instanceKlass sun/security/mscapi/SunMSCAPI$1
instanceKlass sun/security/smartcardio/SunPCSC$1
instanceKlass org/jcp/xml/dsig/internal/dom/XMLDSigRI$1
instanceKlass com/sun/security/sasl/Provider$1
instanceKlass sun/security/jgss/SunProvider$1
instanceKlass com/sun/crypto/provider/SunJCE$1
instanceKlass okhttp3/internal/tls/TrustRootIndex
instanceKlass okhttp3/internal/tls/CertificateChainCleaner
